<?xml version="1.0" encoding="UTF-8"?>
<testng-results ignored="0" total="3" passed="2" failed="1" skipped="0">
  <reporter-output>
  </reporter-output>
  <suite started-at="2024-09-13T19:37:59 IST" name="Naukri Application" finished-at="2024-09-13T19:39:37 IST" duration-ms="98527">
    <groups>
    </groups>
    <test started-at="2024-09-13T19:37:59 IST" name="Naukri Tests" finished-at="2024-09-13T19:39:37 IST" duration-ms="98527">
      <class name="com.tests.NaukriTests">
        <test-method is-config="true" signature="beforeClass()[pri:0, instance:com.tests.NaukriTests@342c38f8]" started-at="2024-09-13T19:37:59 IST" name="beforeClass" finished-at="2024-09-13T19:38:25 IST" duration-ms="26219" status="PASS">
          <reporter-output>
          </reporter-output>
        </test-method> <!-- beforeClass -->
        <test-method is-config="true" signature="beforeTest()[pri:0, instance:com.tests.NaukriTests@342c38f8]" started-at="2024-09-13T19:38:25 IST" name="beforeTest" description="User Login to Naukri Homepage" finished-at="2024-09-13T19:39:10 IST" duration-ms="44859" status="PASS">
          <reporter-output>
          </reporter-output>
        </test-method> <!-- beforeTest -->
        <test-method is-config="true" signature="beforeMethod(java.lang.reflect.Method)[pri:0, instance:com.tests.NaukriTests@342c38f8]" started-at="2024-09-13T19:39:10 IST" name="beforeMethod" finished-at="2024-09-13T19:39:10 IST" duration-ms="136" status="PASS">
          <params>
            <param index="0">
              <value>
                <![CDATA[public void com.tests.NaukriTests.updatedResumeInNaukri()]]>
              </value>
            </param>
          </params>
          <reporter-output>
          </reporter-output>
        </test-method> <!-- beforeMethod -->
        <test-method signature="updatedResumeInNaukri()[pri:0, instance:com.tests.NaukriTests@342c38f8]" started-at="2024-09-13T19:39:10 IST" name="updatedResumeInNaukri" description="User Go To ProfilePage and Update the Resume" finished-at="2024-09-13T19:39:12 IST" duration-ms="1902" status="FAIL">
          <exception class="org.openqa.selenium.InvalidArgumentException">
            <message>
              <![CDATA[invalid argument: File not found : D:\Eclipse WorkPlace\practice\Documents\Shanmuka_QA_Automation_Sep2024.pdf
  (Session info: chrome=128.0.6613.138)
Build info: version: '4.23.0', revision: '4df0a231af'
System info: os.name: 'Windows 10', os.arch: 'amd64', os.version: '10.0', java.version: '22.0.1'
Driver info: org.openqa.selenium.chrome.ChromeDriver
Command: [346a1251f7a9f86efcab416e42df31d2, sendKeysToElement {id=f.6571ADD63F8A21BF19C170AD06110777.d.B278BEA79C3F16662FC1FDB2F50018F1.e.181, value=[Ljava.lang.CharSequence;@7d199c68}]
Capabilities {acceptInsecureCerts: false, browserName: chrome, browserVersion: 128.0.6613.138, chrome: {chromedriverVersion: 128.0.6613.137 (fe621c5aa2d..., userDataDir: C:\Users\LENOVO\AppData\Loc...}, fedcm:accounts: true, goog:chromeOptions: {debuggerAddress: localhost:54875}, networkConnectionEnabled: false, pageLoadStrategy: normal, platformName: windows, proxy: Proxy(), se:cdp: ws://localhost:54875/devtoo..., se:cdpVersion: 128.0.6613.138, setWindowRect: true, strictFileInteractability: false, timeouts: {implicit: 0, pageLoad: 300000, script: 30000}, unhandledPromptBehavior: dismiss and notify, webauthn:extension:credBlob: true, webauthn:extension:largeBlob: true, webauthn:extension:minPinLength: true, webauthn:extension:prf: true, webauthn:virtualAuthenticators: true}
Element: [[ChromeDriver: chrome on windows (346a1251f7a9f86efcab416e42df31d2)] -> xpath: //input[@type='file'][@id='attachCV']]
Session ID: 346a1251f7a9f86efcab416e42df31d2]]>
            </message>
            <full-stacktrace>
              <![CDATA[org.openqa.selenium.InvalidArgumentException: invalid argument: File not found : D:\Eclipse WorkPlace\practice\Documents\Shanmuka_QA_Automation_Sep2024.pdf
  (Session info: chrome=128.0.6613.138)
Build info: version: '4.23.0', revision: '4df0a231af'
System info: os.name: 'Windows 10', os.arch: 'amd64', os.version: '10.0', java.version: '22.0.1'
Driver info: org.openqa.selenium.chrome.ChromeDriver
Command: [346a1251f7a9f86efcab416e42df31d2, sendKeysToElement {id=f.6571ADD63F8A21BF19C170AD06110777.d.B278BEA79C3F16662FC1FDB2F50018F1.e.181, value=[Ljava.lang.CharSequence;@7d199c68}]
Capabilities {acceptInsecureCerts: false, browserName: chrome, browserVersion: 128.0.6613.138, chrome: {chromedriverVersion: 128.0.6613.137 (fe621c5aa2d..., userDataDir: C:\Users\LENOVO\AppData\Loc...}, fedcm:accounts: true, goog:chromeOptions: {debuggerAddress: localhost:54875}, networkConnectionEnabled: false, pageLoadStrategy: normal, platformName: windows, proxy: Proxy(), se:cdp: ws://localhost:54875/devtoo..., se:cdpVersion: 128.0.6613.138, setWindowRect: true, strictFileInteractability: false, timeouts: {implicit: 0, pageLoad: 300000, script: 30000}, unhandledPromptBehavior: dismiss and notify, webauthn:extension:credBlob: true, webauthn:extension:largeBlob: true, webauthn:extension:minPinLength: true, webauthn:extension:prf: true, webauthn:virtualAuthenticators: true}
Element: [[ChromeDriver: chrome on windows (346a1251f7a9f86efcab416e42df31d2)] -> xpath: //input[@type='file'][@id='attachCV']]
Session ID: 346a1251f7a9f86efcab416e42df31d2
at java.base/jdk.internal.reflect.DirectConstructorHandleAccessor.newInstance(DirectConstructorHandleAccessor.java:62)
at java.base/java.lang.reflect.Constructor.newInstanceWithCaller(Constructor.java:502)
at java.base/java.lang.reflect.Constructor.newInstance(Constructor.java:486)
at org.openqa.selenium.remote.ErrorCodec.decode(ErrorCodec.java:167)
at org.openqa.selenium.remote.codec.w3c.W3CHttpResponseCodec.decode(W3CHttpResponseCodec.java:138)
at org.openqa.selenium.remote.codec.w3c.W3CHttpResponseCodec.decode(W3CHttpResponseCodec.java:50)
at org.openqa.selenium.remote.HttpCommandExecutor.execute(HttpCommandExecutor.java:190)
at org.openqa.selenium.remote.service.DriverCommandExecutor.invokeExecute(DriverCommandExecutor.java:216)
at org.openqa.selenium.remote.service.DriverCommandExecutor.execute(DriverCommandExecutor.java:174)
at org.openqa.selenium.remote.RemoteWebDriver.execute(RemoteWebDriver.java:527)
at org.openqa.selenium.remote.RemoteWebElement.execute(RemoteWebElement.java:223)
at org.openqa.selenium.remote.RemoteWebElement.sendKeys(RemoteWebElement.java:110)
at java.base/jdk.internal.reflect.DirectMethodHandleAccessor.invoke(DirectMethodHandleAccessor.java:103)
at java.base/java.lang.reflect.Method.invoke(Method.java:580)
at org.openqa.selenium.support.pagefactory.internal.LocatingElementHandler.invoke(LocatingElementHandler.java:51)
at jdk.proxy2/jdk.proxy2.$Proxy16.sendKeys(Unknown Source)
at com.page.objects.ProfilePage.updateResume(ProfilePage.java:55)
at com.tests.NaukriTests.updatedResumeInNaukri(NaukriTests.java:64)
at java.base/jdk.internal.reflect.DirectMethodHandleAccessor.invoke(DirectMethodHandleAccessor.java:103)
at java.base/java.lang.reflect.Method.invoke(Method.java:580)
at org.testng.internal.MethodInvocationHelper.invokeMethod(MethodInvocationHelper.java:133)
at org.testng.internal.TestInvoker.invokeMethod(TestInvoker.java:598)
at org.testng.internal.TestInvoker.invokeTestMethod(TestInvoker.java:173)
at org.testng.internal.MethodRunner.runInSequence(MethodRunner.java:46)
at org.testng.internal.TestInvoker$MethodInvocationAgent.invoke(TestInvoker.java:824)
at org.testng.internal.TestInvoker.invokeTestMethods(TestInvoker.java:146)
at org.testng.internal.TestMethodWorker.invokeTestMethods(TestMethodWorker.java:146)
at org.testng.internal.TestMethodWorker.run(TestMethodWorker.java:128)
at java.base/java.util.ArrayList.forEach(ArrayList.java:1597)
at org.testng.TestRunner.privateRun(TestRunner.java:794)
at org.testng.TestRunner.run(TestRunner.java:596)
at org.testng.SuiteRunner.runTest(SuiteRunner.java:377)
at org.testng.SuiteRunner.runSequentially(SuiteRunner.java:371)
at org.testng.SuiteRunner.privateRun(SuiteRunner.java:332)
at org.testng.SuiteRunner.run(SuiteRunner.java:276)
at org.testng.SuiteRunnerWorker.runSuite(SuiteRunnerWorker.java:53)
at org.testng.SuiteRunnerWorker.run(SuiteRunnerWorker.java:96)
at org.testng.TestNG.runSuitesSequentially(TestNG.java:1212)
at org.testng.TestNG.runSuitesLocally(TestNG.java:1134)
at org.testng.TestNG.runSuites(TestNG.java:1063)
at org.testng.TestNG.run(TestNG.java:1031)
at org.apache.maven.surefire.testng.TestNGExecutor.run(TestNGExecutor.java:283)
at org.apache.maven.surefire.testng.TestNGXmlTestSuite.execute(TestNGXmlTestSuite.java:75)
at org.apache.maven.surefire.testng.TestNGProvider.invoke(TestNGProvider.java:120)
at org.apache.maven.surefire.booter.ForkedBooter.runSuitesInProcess(ForkedBooter.java:377)
at org.apache.maven.surefire.booter.ForkedBooter.execute(ForkedBooter.java:138)
at org.apache.maven.surefire.booter.ForkedBooter.run(ForkedBooter.java:465)
at org.apache.maven.surefire.booter.ForkedBooter.main(ForkedBooter.java:451)
]]>
            </full-stacktrace>
          </exception> <!-- org.openqa.selenium.InvalidArgumentException -->
          <reporter-output>
          </reporter-output>
        </test-method> <!-- updatedResumeInNaukri -->
        <test-method is-config="true" signature="beforeMethod(java.lang.reflect.Method)[pri:0, instance:com.tests.NaukriTests@342c38f8]" started-at="2024-09-13T19:39:12 IST" name="beforeMethod" finished-at="2024-09-13T19:39:12 IST" duration-ms="1" status="PASS">
          <params>
            <param index="0">
              <value>
                <![CDATA[public void com.tests.NaukriTests.updateResumeHeadLine()]]>
              </value>
            </param>
          </params>
          <reporter-output>
          </reporter-output>
        </test-method> <!-- beforeMethod -->
        <test-method signature="updateResumeHeadLine()[pri:0, instance:com.tests.NaukriTests@342c38f8]" started-at="2024-09-13T19:39:12 IST" name="updateResumeHeadLine" description="User Go To ProfilePage and Update Resume HeadLine" finished-at="2024-09-13T19:39:16 IST" duration-ms="4286" status="PASS">
          <reporter-output>
          </reporter-output>
        </test-method> <!-- updateResumeHeadLine -->
        <test-method is-config="true" signature="beforeMethod(java.lang.reflect.Method)[pri:0, instance:com.tests.NaukriTests@342c38f8]" started-at="2024-09-13T19:39:16 IST" name="beforeMethod" finished-at="2024-09-13T19:39:16 IST" duration-ms="1" status="PASS">
          <params>
            <param index="0">
              <value>
                <![CDATA[public void com.tests.NaukriTests.applyForRecommenedJobs()]]>
              </value>
            </param>
          </params>
          <reporter-output>
          </reporter-output>
        </test-method> <!-- beforeMethod -->
        <test-method signature="applyForRecommenedJobs()[pri:0, instance:com.tests.NaukriTests@342c38f8]" started-at="2024-09-13T19:39:16 IST" name="applyForRecommenedJobs" description="User Go To JobsPage,navigate to required tab and Apply for Jobs" finished-at="2024-09-13T19:39:35 IST" duration-ms="19168" status="PASS">
          <reporter-output>
          </reporter-output>
        </test-method> <!-- applyForRecommenedJobs -->
        <test-method is-config="true" signature="afterTest()[pri:0, instance:com.tests.NaukriTests@342c38f8]" started-at="2024-09-13T19:39:35 IST" name="afterTest" description="LogOut from Naukri" finished-at="2024-09-13T19:39:36 IST" duration-ms="580" status="PASS">
          <reporter-output>
          </reporter-output>
        </test-method> <!-- afterTest -->
        <test-method is-config="true" signature="afterClass()[pri:0, instance:com.tests.NaukriTests@342c38f8]" started-at="2024-09-13T19:39:36 IST" name="afterClass" description="close the driver instance" finished-at="2024-09-13T19:39:37 IST" duration-ms="1245" status="PASS">
          <reporter-output>
          </reporter-output>
        </test-method> <!-- afterClass -->
      </class> <!-- com.tests.NaukriTests -->
    </test> <!-- Naukri Tests -->
  </suite> <!-- Naukri Application -->
</testng-results>
